Created by PLY version 3.11 (http://www.dabeaz.com/ply)

Unused terminals:

    ALIAS
    BARRA
    BEGIN
    BREAK
    CASE
    CHOMP
    CLASS
    COMENTARIO
    COMENTARIO_MULTI
    COMILLA_D
    COMILLA_S
    CONCAT
    CORCHETE_DER
    CORCHETE_IZ
    DEFINED_QUESTION
    EACH
    ENSURE
    EXCLAMACION_ALTO
    EXCLAMACION_BAJO
    FALSE
    FOR
    IGUAL_DOBLEP
    IN
    MODULE
    NEXT
    NIL
    NOT
    O_SIGNO
    PORCENTAJE
    PREGUNTA
    PRINTF
    RAISE
    REDO
    RESCUE
    RETRY
    RETURN
    SELF
    SIMBOLO
    SUPER
    TRUE
    UNTIL
    VARIABLECLASE
    WHILE
    YIELD
    Y_SIGNO

Grammar

Rule 0     S' -> cuerpo
Rule 1     cuerpo -> operacionAritmetica
Rule 2     cuerpo -> asignacion
Rule 3     cuerpo -> impresion
Rule 4     cuerpo -> impresion_vacia
Rule 5     cuerpo -> expresiones_booleanas
Rule 6     cuerpo -> solicitudDatosTeclado
Rule 7     cuerpo -> hashes
Rule 8     cuerpo -> estructura_if
Rule 9     cuerpo -> funciones
Rule 10    cuerpo -> funcionesEstructuras
Rule 11    valorNumerico -> FLOTANTE
Rule 12    valorNumerico -> ENTERO
Rule 13    soloEnteros -> ENTERO
Rule 14    operadores -> MAS
Rule 15    operadores -> MENOS
Rule 16    operadores -> DIVISION
Rule 17    operadores -> MULTIPLICACION
Rule 18    operadores -> EXPONENCIACION
Rule 19    operadores -> MODULO
Rule 20    expresionNumerica -> valorNumerico
Rule 21    expresionNumerica -> operacionAritmetica
Rule 22    expresionNumerica -> PARENTESIS_IZ operacionAritmetica PARENTESIS_DER
Rule 23    operacionAritmetica -> expresionNumerica operadores expresionNumerica
Rule 24    impresion -> PRINT PARENTESIS_IZ expresionNumerica PARENTESIS_DER
Rule 25    impresion -> PRINT PARENTESIS_IZ VARIABLE PARENTESIS_DER
Rule 26    asignacion -> VARIABLE IGUAL expresionNumerica
Rule 27    asignacion -> VARIABLE IGUAL CADENA
Rule 28    asignacion -> VARIABLE IGUAL hashes
Rule 29    rangos -> PARENTESIS_IZ soloEnteros TRES_PUNTOS soloEnteros PARENTESIS_DER
Rule 30    impresion_vacia -> PRINT PARENTESIS_IZ PARENTESIS_DER
Rule 31    impresion_vacia -> PUTS PARENTESIS_IZ PARENTESIS_DER
Rule 32    impresion_vacia -> PUTS
Rule 33    operadoresComparacion -> DOBLE_IGUAL
Rule 34    operadoresComparacion -> DIFERENTE
Rule 35    operadoresComparacion -> MAYOR_QUE
Rule 36    operadoresComparacion -> MENOR_QUE
Rule 37    operadoresComparacion -> MENOR_IGUAL_QUE
Rule 38    operadoresComparacion -> MAYOR_IGUAL_QUE
Rule 39    funcionesComparacion -> AND
Rule 40    funcionesComparacion -> OR
Rule 41    expresiones_booleanas -> valorNumerico operadoresComparacion valorNumerico
Rule 42    expresiones_booleanas -> rangos TRIPLE_IGUAL ENTERO
Rule 43    expresiones_booleanas -> VARIABLE operadoresComparacion VARIABLE
Rule 44    expresiones_booleanas -> VARIABLE operadoresComparacion valorNumerico
Rule 45    expresiones_booleanas -> valorNumerico operadoresComparacion VARIABLE
Rule 46    solicitudDatosTeclado -> GETS
Rule 47    funciones -> DEF VARIABLE PARENTESIS_IZ PARENTESIS_DER END
Rule 48    funciones -> DEF VARIABLE PARENTESIS_IZ argumentos PARENTESIS_DER END
Rule 49    funcionesArray -> SORT
Rule 50    funcionesNumeros -> TO_F
Rule 51    funcionesEstructuras -> VARIABLE PUNTO funcionesArray
Rule 52    funcionesEstructuras -> VARIABLE PUNTO funcionesNumeros
Rule 53    argumentos -> VARIABLE
Rule 54    argumentos -> VARIABLE COMA argumentos
Rule 55    condicionIf -> expresiones_booleanas
Rule 56    condicionIf -> expresiones_booleanas funcionesComparacion expresiones_booleanas
Rule 57    estructura_if -> IF condicionIf declaracion ELSE declaracion END
Rule 58    estructura_if -> IF condicionIf declaracion estructura_secundaria_if
Rule 59    estructura_secundaria_if -> ELSEIF condicionIf declaracion ELSE declaracion END
Rule 60    estructura_secundaria_if -> ELSEIF condicionIf declaracion estructura_secundaria_if
Rule 61    declaracion -> operacionAritmetica
Rule 62    declaracion -> asignacion
Rule 63    declaracion -> impresion
Rule 64    declaracion -> impresion_vacia
Rule 65    declaracion -> expresiones_booleanas
Rule 66    declaracion -> solicitudDatosTeclado
Rule 67    declaracion -> hashes
Rule 68    declaracion -> estructura_if
Rule 69    hashes -> LLAVE_IZ elemento_hash LLAVE_DER
Rule 70    claveValor -> VARIABLE ASIGNA_HASH valorNumerico
Rule 71    claveValor -> VARIABLE ASIGNA_HASH CADENA
Rule 72    elemento_hash -> claveValor
Rule 73    elemento_hash -> claveValor COMA claveValor

Terminals, with rules where they appear

ALIAS                : 
AND                  : 39
ASIGNA_HASH          : 70 71
BARRA                : 
BEGIN                : 
BREAK                : 
CADENA               : 27 71
CASE                 : 
CHOMP                : 
CLASS                : 
COMA                 : 54 73
COMENTARIO           : 
COMENTARIO_MULTI     : 
COMILLA_D            : 
COMILLA_S            : 
CONCAT               : 
CORCHETE_DER         : 
CORCHETE_IZ          : 
DEF                  : 47 48
DEFINED_QUESTION     : 
DIFERENTE            : 34
DIVISION             : 16
DOBLE_IGUAL          : 33
EACH                 : 
ELSE                 : 57 59
ELSEIF               : 59 60
END                  : 47 48 57 59
ENSURE               : 
ENTERO               : 12 13 42
EXCLAMACION_ALTO     : 
EXCLAMACION_BAJO     : 
EXPONENCIACION       : 18
FALSE                : 
FLOTANTE             : 11
FOR                  : 
GETS                 : 46
IF                   : 57 58
IGUAL                : 26 27 28
IGUAL_DOBLEP         : 
IN                   : 
LLAVE_DER            : 69
LLAVE_IZ             : 69
MAS                  : 14
MAYOR_IGUAL_QUE      : 38
MAYOR_QUE            : 35
MENOR_IGUAL_QUE      : 37
MENOR_QUE            : 36
MENOS                : 15
MODULE               : 
MODULO               : 19
MULTIPLICACION       : 17
NEXT                 : 
NIL                  : 
NOT                  : 
OR                   : 40
O_SIGNO              : 
PARENTESIS_DER       : 22 24 25 29 30 31 47 48
PARENTESIS_IZ        : 22 24 25 29 30 31 47 48
PORCENTAJE           : 
PREGUNTA             : 
PRINT                : 24 25 30
PRINTF               : 
PUNTO                : 51 52
PUTS                 : 31 32
RAISE                : 
REDO                 : 
RESCUE               : 
RETRY                : 
RETURN               : 
SELF                 : 
SIMBOLO              : 
SORT                 : 49
SUPER                : 
TO_F                 : 50
TRES_PUNTOS          : 29
TRIPLE_IGUAL         : 42
TRUE                 : 
UNTIL                : 
VARIABLE             : 25 26 27 28 43 43 44 45 47 48 51 52 53 54 70 71
VARIABLECLASE        : 
WHILE                : 
YIELD                : 
Y_SIGNO              : 
error                : 

Nonterminals, with rules where they appear

argumentos           : 48 54
asignacion           : 2 62
claveValor           : 72 73 73
condicionIf          : 57 58 59 60
cuerpo               : 0
declaracion          : 57 57 58 59 59 60
elemento_hash        : 69
estructura_if        : 8 68
estructura_secundaria_if : 58 60
expresionNumerica    : 23 23 24 26
expresiones_booleanas : 5 55 56 56 65
funciones            : 9
funcionesArray       : 51
funcionesComparacion : 56
funcionesEstructuras : 10
funcionesNumeros     : 52
hashes               : 7 28 67
impresion            : 3 63
impresion_vacia      : 4 64
operacionAritmetica  : 1 21 22 61
operadores           : 23
operadoresComparacion : 41 43 44 45
rangos               : 42
solicitudDatosTeclado : 6 66
soloEnteros          : 29 29
valorNumerico        : 20 41 41 44 45 70

Parsing method: LALR

state 0

    (0) S' -> . cuerpo
    (1) cuerpo -> . operacionAritmetica
    (2) cuerpo -> . asignacion
    (3) cuerpo -> . impresion
    (4) cuerpo -> . impresion_vacia
    (5) cuerpo -> . expresiones_booleanas
    (6) cuerpo -> . solicitudDatosTeclado
    (7) cuerpo -> . hashes
    (8) cuerpo -> . estructura_if
    (9) cuerpo -> . funciones
    (10) cuerpo -> . funcionesEstructuras
    (23) operacionAritmetica -> . expresionNumerica operadores expresionNumerica
    (26) asignacion -> . VARIABLE IGUAL expresionNumerica
    (27) asignacion -> . VARIABLE IGUAL CADENA
    (28) asignacion -> . VARIABLE IGUAL hashes
    (24) impresion -> . PRINT PARENTESIS_IZ expresionNumerica PARENTESIS_DER
    (25) impresion -> . PRINT PARENTESIS_IZ VARIABLE PARENTESIS_DER
    (30) impresion_vacia -> . PRINT PARENTESIS_IZ PARENTESIS_DER
    (31) impresion_vacia -> . PUTS PARENTESIS_IZ PARENTESIS_DER
    (32) impresion_vacia -> . PUTS
    (41) expresiones_booleanas -> . valorNumerico operadoresComparacion valorNumerico
    (42) expresiones_booleanas -> . rangos TRIPLE_IGUAL ENTERO
    (43) expresiones_booleanas -> . VARIABLE operadoresComparacion VARIABLE
    (44) expresiones_booleanas -> . VARIABLE operadoresComparacion valorNumerico
    (45) expresiones_booleanas -> . valorNumerico operadoresComparacion VARIABLE
    (46) solicitudDatosTeclado -> . GETS
    (69) hashes -> . LLAVE_IZ elemento_hash LLAVE_DER
    (57) estructura_if -> . IF condicionIf declaracion ELSE declaracion END
    (58) estructura_if -> . IF condicionIf declaracion estructura_secundaria_if
    (47) funciones -> . DEF VARIABLE PARENTESIS_IZ PARENTESIS_DER END
    (48) funciones -> . DEF VARIABLE PARENTESIS_IZ argumentos PARENTESIS_DER END
    (51) funcionesEstructuras -> . VARIABLE PUNTO funcionesArray
    (52) funcionesEstructuras -> . VARIABLE PUNTO funcionesNumeros
    (20) expresionNumerica -> . valorNumerico
    (21) expresionNumerica -> . operacionAritmetica
    (22) expresionNumerica -> . PARENTESIS_IZ operacionAritmetica PARENTESIS_DER
    (11) valorNumerico -> . FLOTANTE
    (12) valorNumerico -> . ENTERO
    (29) rangos -> . PARENTESIS_IZ soloEnteros TRES_PUNTOS soloEnteros PARENTESIS_DER

    VARIABLE        shift and go to state 13
    PRINT           shift and go to state 14
    PUTS            shift and go to state 16
    GETS            shift and go to state 20
    LLAVE_IZ        shift and go to state 21
    IF              shift and go to state 22
    DEF             shift and go to state 23
    PARENTESIS_IZ   shift and go to state 15
    FLOTANTE        shift and go to state 24
    ENTERO          shift and go to state 19

    cuerpo                         shift and go to state 1
    operacionAritmetica            shift and go to state 2
    asignacion                     shift and go to state 3
    impresion                      shift and go to state 4
    impresion_vacia                shift and go to state 5
    expresiones_booleanas          shift and go to state 6
    solicitudDatosTeclado          shift and go to state 7
    hashes                         shift and go to state 8
    estructura_if                  shift and go to state 9
    funciones                      shift and go to state 10
    funcionesEstructuras           shift and go to state 11
    expresionNumerica              shift and go to state 12
    valorNumerico                  shift and go to state 17
    rangos                         shift and go to state 18

state 1

    (0) S' -> cuerpo .



state 2

    (1) cuerpo -> operacionAritmetica .
    (21) expresionNumerica -> operacionAritmetica .

    $end            reduce using rule 1 (cuerpo -> operacionAritmetica .)
    MAS             reduce using rule 21 (expresionNumerica -> operacionAritmetica .)
    MENOS           reduce using rule 21 (expresionNumerica -> operacionAritmetica .)
    DIVISION        reduce using rule 21 (expresionNumerica -> operacionAritmetica .)
    MULTIPLICACION  reduce using rule 21 (expresionNumerica -> operacionAritmetica .)
    EXPONENCIACION  reduce using rule 21 (expresionNumerica -> operacionAritmetica .)
    MODULO          reduce using rule 21 (expresionNumerica -> operacionAritmetica .)


state 3

    (2) cuerpo -> asignacion .

    $end            reduce using rule 2 (cuerpo -> asignacion .)


state 4

    (3) cuerpo -> impresion .

    $end            reduce using rule 3 (cuerpo -> impresion .)


state 5

    (4) cuerpo -> impresion_vacia .

    $end            reduce using rule 4 (cuerpo -> impresion_vacia .)


state 6

    (5) cuerpo -> expresiones_booleanas .

    $end            reduce using rule 5 (cuerpo -> expresiones_booleanas .)


state 7

    (6) cuerpo -> solicitudDatosTeclado .

    $end            reduce using rule 6 (cuerpo -> solicitudDatosTeclado .)


state 8

    (7) cuerpo -> hashes .

    $end            reduce using rule 7 (cuerpo -> hashes .)


state 9

    (8) cuerpo -> estructura_if .

    $end            reduce using rule 8 (cuerpo -> estructura_if .)


state 10

    (9) cuerpo -> funciones .

    $end            reduce using rule 9 (cuerpo -> funciones .)


state 11

    (10) cuerpo -> funcionesEstructuras .

    $end            reduce using rule 10 (cuerpo -> funcionesEstructuras .)


state 12

    (23) operacionAritmetica -> expresionNumerica . operadores expresionNumerica
    (14) operadores -> . MAS
    (15) operadores -> . MENOS
    (16) operadores -> . DIVISION
    (17) operadores -> . MULTIPLICACION
    (18) operadores -> . EXPONENCIACION
    (19) operadores -> . MODULO

    MAS             shift and go to state 26
    MENOS           shift and go to state 27
    DIVISION        shift and go to state 28
    MULTIPLICACION  shift and go to state 29
    EXPONENCIACION  shift and go to state 30
    MODULO          shift and go to state 31

    operadores                     shift and go to state 25

state 13

    (26) asignacion -> VARIABLE . IGUAL expresionNumerica
    (27) asignacion -> VARIABLE . IGUAL CADENA
    (28) asignacion -> VARIABLE . IGUAL hashes
    (43) expresiones_booleanas -> VARIABLE . operadoresComparacion VARIABLE
    (44) expresiones_booleanas -> VARIABLE . operadoresComparacion valorNumerico
    (51) funcionesEstructuras -> VARIABLE . PUNTO funcionesArray
    (52) funcionesEstructuras -> VARIABLE . PUNTO funcionesNumeros
    (33) operadoresComparacion -> . DOBLE_IGUAL
    (34) operadoresComparacion -> . DIFERENTE
    (35) operadoresComparacion -> . MAYOR_QUE
    (36) operadoresComparacion -> . MENOR_QUE
    (37) operadoresComparacion -> . MENOR_IGUAL_QUE
    (38) operadoresComparacion -> . MAYOR_IGUAL_QUE

    IGUAL           shift and go to state 32
    PUNTO           shift and go to state 34
    DOBLE_IGUAL     shift and go to state 35
    DIFERENTE       shift and go to state 36
    MAYOR_QUE       shift and go to state 37
    MENOR_QUE       shift and go to state 38
    MENOR_IGUAL_QUE shift and go to state 39
    MAYOR_IGUAL_QUE shift and go to state 40

    operadoresComparacion          shift and go to state 33

state 14

    (24) impresion -> PRINT . PARENTESIS_IZ expresionNumerica PARENTESIS_DER
    (25) impresion -> PRINT . PARENTESIS_IZ VARIABLE PARENTESIS_DER
    (30) impresion_vacia -> PRINT . PARENTESIS_IZ PARENTESIS_DER

    PARENTESIS_IZ   shift and go to state 41


state 15

    (22) expresionNumerica -> PARENTESIS_IZ . operacionAritmetica PARENTESIS_DER
    (29) rangos -> PARENTESIS_IZ . soloEnteros TRES_PUNTOS soloEnteros PARENTESIS_DER
    (23) operacionAritmetica -> . expresionNumerica operadores expresionNumerica
    (13) soloEnteros -> . ENTERO
    (20) expresionNumerica -> . valorNumerico
    (21) expresionNumerica -> . operacionAritmetica
    (22) expresionNumerica -> . PARENTESIS_IZ operacionAritmetica PARENTESIS_DER
    (11) valorNumerico -> . FLOTANTE
    (12) valorNumerico -> . ENTERO

    ENTERO          shift and go to state 45
    PARENTESIS_IZ   shift and go to state 42
    FLOTANTE        shift and go to state 24

    operacionAritmetica            shift and go to state 43
    soloEnteros                    shift and go to state 44
    expresionNumerica              shift and go to state 12
    valorNumerico                  shift and go to state 46

state 16

    (31) impresion_vacia -> PUTS . PARENTESIS_IZ PARENTESIS_DER
    (32) impresion_vacia -> PUTS .

    PARENTESIS_IZ   shift and go to state 47
    $end            reduce using rule 32 (impresion_vacia -> PUTS .)
    ELSE            reduce using rule 32 (impresion_vacia -> PUTS .)
    ELSEIF          reduce using rule 32 (impresion_vacia -> PUTS .)
    END             reduce using rule 32 (impresion_vacia -> PUTS .)


state 17

    (41) expresiones_booleanas -> valorNumerico . operadoresComparacion valorNumerico
    (45) expresiones_booleanas -> valorNumerico . operadoresComparacion VARIABLE
    (20) expresionNumerica -> valorNumerico .
    (33) operadoresComparacion -> . DOBLE_IGUAL
    (34) operadoresComparacion -> . DIFERENTE
    (35) operadoresComparacion -> . MAYOR_QUE
    (36) operadoresComparacion -> . MENOR_QUE
    (37) operadoresComparacion -> . MENOR_IGUAL_QUE
    (38) operadoresComparacion -> . MAYOR_IGUAL_QUE

    MAS             reduce using rule 20 (expresionNumerica -> valorNumerico .)
    MENOS           reduce using rule 20 (expresionNumerica -> valorNumerico .)
    DIVISION        reduce using rule 20 (expresionNumerica -> valorNumerico .)
    MULTIPLICACION  reduce using rule 20 (expresionNumerica -> valorNumerico .)
    EXPONENCIACION  reduce using rule 20 (expresionNumerica -> valorNumerico .)
    MODULO          reduce using rule 20 (expresionNumerica -> valorNumerico .)
    DOBLE_IGUAL     shift and go to state 35
    DIFERENTE       shift and go to state 36
    MAYOR_QUE       shift and go to state 37
    MENOR_QUE       shift and go to state 38
    MENOR_IGUAL_QUE shift and go to state 39
    MAYOR_IGUAL_QUE shift and go to state 40

    operadoresComparacion          shift and go to state 48

state 18

    (42) expresiones_booleanas -> rangos . TRIPLE_IGUAL ENTERO

    TRIPLE_IGUAL    shift and go to state 49


state 19

    (12) valorNumerico -> ENTERO .

    DOBLE_IGUAL     reduce using rule 12 (valorNumerico -> ENTERO .)
    DIFERENTE       reduce using rule 12 (valorNumerico -> ENTERO .)
    MAYOR_QUE       reduce using rule 12 (valorNumerico -> ENTERO .)
    MENOR_QUE       reduce using rule 12 (valorNumerico -> ENTERO .)
    MENOR_IGUAL_QUE reduce using rule 12 (valorNumerico -> ENTERO .)
    MAYOR_IGUAL_QUE reduce using rule 12 (valorNumerico -> ENTERO .)
    MAS             reduce using rule 12 (valorNumerico -> ENTERO .)
    MENOS           reduce using rule 12 (valorNumerico -> ENTERO .)
    DIVISION        reduce using rule 12 (valorNumerico -> ENTERO .)
    MULTIPLICACION  reduce using rule 12 (valorNumerico -> ENTERO .)
    EXPONENCIACION  reduce using rule 12 (valorNumerico -> ENTERO .)
    MODULO          reduce using rule 12 (valorNumerico -> ENTERO .)
    $end            reduce using rule 12 (valorNumerico -> ENTERO .)
    PARENTESIS_DER  reduce using rule 12 (valorNumerico -> ENTERO .)
    ELSE            reduce using rule 12 (valorNumerico -> ENTERO .)
    ELSEIF          reduce using rule 12 (valorNumerico -> ENTERO .)
    END             reduce using rule 12 (valorNumerico -> ENTERO .)
    AND             reduce using rule 12 (valorNumerico -> ENTERO .)
    OR              reduce using rule 12 (valorNumerico -> ENTERO .)
    VARIABLE        reduce using rule 12 (valorNumerico -> ENTERO .)
    PRINT           reduce using rule 12 (valorNumerico -> ENTERO .)
    PUTS            reduce using rule 12 (valorNumerico -> ENTERO .)
    GETS            reduce using rule 12 (valorNumerico -> ENTERO .)
    LLAVE_IZ        reduce using rule 12 (valorNumerico -> ENTERO .)
    IF              reduce using rule 12 (valorNumerico -> ENTERO .)
    PARENTESIS_IZ   reduce using rule 12 (valorNumerico -> ENTERO .)
    FLOTANTE        reduce using rule 12 (valorNumerico -> ENTERO .)
    ENTERO          reduce using rule 12 (valorNumerico -> ENTERO .)
    COMA            reduce using rule 12 (valorNumerico -> ENTERO .)
    LLAVE_DER       reduce using rule 12 (valorNumerico -> ENTERO .)


state 20

    (46) solicitudDatosTeclado -> GETS .

    $end            reduce using rule 46 (solicitudDatosTeclado -> GETS .)
    ELSE            reduce using rule 46 (solicitudDatosTeclado -> GETS .)
    ELSEIF          reduce using rule 46 (solicitudDatosTeclado -> GETS .)
    END             reduce using rule 46 (solicitudDatosTeclado -> GETS .)


state 21

    (69) hashes -> LLAVE_IZ . elemento_hash LLAVE_DER
    (72) elemento_hash -> . claveValor
    (73) elemento_hash -> . claveValor COMA claveValor
    (70) claveValor -> . VARIABLE ASIGNA_HASH valorNumerico
    (71) claveValor -> . VARIABLE ASIGNA_HASH CADENA

    VARIABLE        shift and go to state 52

    elemento_hash                  shift and go to state 50
    claveValor                     shift and go to state 51

state 22

    (57) estructura_if -> IF . condicionIf declaracion ELSE declaracion END
    (58) estructura_if -> IF . condicionIf declaracion estructura_secundaria_if
    (55) condicionIf -> . expresiones_booleanas
    (56) condicionIf -> . expresiones_booleanas funcionesComparacion expresiones_booleanas
    (41) expresiones_booleanas -> . valorNumerico operadoresComparacion valorNumerico
    (42) expresiones_booleanas -> . rangos TRIPLE_IGUAL ENTERO
    (43) expresiones_booleanas -> . VARIABLE operadoresComparacion VARIABLE
    (44) expresiones_booleanas -> . VARIABLE operadoresComparacion valorNumerico
    (45) expresiones_booleanas -> . valorNumerico operadoresComparacion VARIABLE
    (11) valorNumerico -> . FLOTANTE
    (12) valorNumerico -> . ENTERO
    (29) rangos -> . PARENTESIS_IZ soloEnteros TRES_PUNTOS soloEnteros PARENTESIS_DER

    VARIABLE        shift and go to state 56
    FLOTANTE        shift and go to state 24
    ENTERO          shift and go to state 19
    PARENTESIS_IZ   shift and go to state 57

    condicionIf                    shift and go to state 53
    expresiones_booleanas          shift and go to state 54
    valorNumerico                  shift and go to state 55
    rangos                         shift and go to state 18

state 23

    (47) funciones -> DEF . VARIABLE PARENTESIS_IZ PARENTESIS_DER END
    (48) funciones -> DEF . VARIABLE PARENTESIS_IZ argumentos PARENTESIS_DER END

    VARIABLE        shift and go to state 58


state 24

    (11) valorNumerico -> FLOTANTE .

    DOBLE_IGUAL     reduce using rule 11 (valorNumerico -> FLOTANTE .)
    DIFERENTE       reduce using rule 11 (valorNumerico -> FLOTANTE .)
    MAYOR_QUE       reduce using rule 11 (valorNumerico -> FLOTANTE .)
    MENOR_QUE       reduce using rule 11 (valorNumerico -> FLOTANTE .)
    MENOR_IGUAL_QUE reduce using rule 11 (valorNumerico -> FLOTANTE .)
    MAYOR_IGUAL_QUE reduce using rule 11 (valorNumerico -> FLOTANTE .)
    MAS             reduce using rule 11 (valorNumerico -> FLOTANTE .)
    MENOS           reduce using rule 11 (valorNumerico -> FLOTANTE .)
    DIVISION        reduce using rule 11 (valorNumerico -> FLOTANTE .)
    MULTIPLICACION  reduce using rule 11 (valorNumerico -> FLOTANTE .)
    EXPONENCIACION  reduce using rule 11 (valorNumerico -> FLOTANTE .)
    MODULO          reduce using rule 11 (valorNumerico -> FLOTANTE .)
    $end            reduce using rule 11 (valorNumerico -> FLOTANTE .)
    PARENTESIS_DER  reduce using rule 11 (valorNumerico -> FLOTANTE .)
    ELSE            reduce using rule 11 (valorNumerico -> FLOTANTE .)
    ELSEIF          reduce using rule 11 (valorNumerico -> FLOTANTE .)
    END             reduce using rule 11 (valorNumerico -> FLOTANTE .)
    AND             reduce using rule 11 (valorNumerico -> FLOTANTE .)
    OR              reduce using rule 11 (valorNumerico -> FLOTANTE .)
    VARIABLE        reduce using rule 11 (valorNumerico -> FLOTANTE .)
    PRINT           reduce using rule 11 (valorNumerico -> FLOTANTE .)
    PUTS            reduce using rule 11 (valorNumerico -> FLOTANTE .)
    GETS            reduce using rule 11 (valorNumerico -> FLOTANTE .)
    LLAVE_IZ        reduce using rule 11 (valorNumerico -> FLOTANTE .)
    IF              reduce using rule 11 (valorNumerico -> FLOTANTE .)
    PARENTESIS_IZ   reduce using rule 11 (valorNumerico -> FLOTANTE .)
    FLOTANTE        reduce using rule 11 (valorNumerico -> FLOTANTE .)
    ENTERO          reduce using rule 11 (valorNumerico -> FLOTANTE .)
    COMA            reduce using rule 11 (valorNumerico -> FLOTANTE .)
    LLAVE_DER       reduce using rule 11 (valorNumerico -> FLOTANTE .)


state 25

    (23) operacionAritmetica -> expresionNumerica operadores . expresionNumerica
    (20) expresionNumerica -> . valorNumerico
    (21) expresionNumerica -> . operacionAritmetica
    (22) expresionNumerica -> . PARENTESIS_IZ operacionAritmetica PARENTESIS_DER
    (11) valorNumerico -> . FLOTANTE
    (12) valorNumerico -> . ENTERO
    (23) operacionAritmetica -> . expresionNumerica operadores expresionNumerica

    PARENTESIS_IZ   shift and go to state 42
    FLOTANTE        shift and go to state 24
    ENTERO          shift and go to state 19

    expresionNumerica              shift and go to state 59
    valorNumerico                  shift and go to state 46
    operacionAritmetica            shift and go to state 60

state 26

    (14) operadores -> MAS .

    PARENTESIS_IZ   reduce using rule 14 (operadores -> MAS .)
    FLOTANTE        reduce using rule 14 (operadores -> MAS .)
    ENTERO          reduce using rule 14 (operadores -> MAS .)


state 27

    (15) operadores -> MENOS .

    PARENTESIS_IZ   reduce using rule 15 (operadores -> MENOS .)
    FLOTANTE        reduce using rule 15 (operadores -> MENOS .)
    ENTERO          reduce using rule 15 (operadores -> MENOS .)


state 28

    (16) operadores -> DIVISION .

    PARENTESIS_IZ   reduce using rule 16 (operadores -> DIVISION .)
    FLOTANTE        reduce using rule 16 (operadores -> DIVISION .)
    ENTERO          reduce using rule 16 (operadores -> DIVISION .)


state 29

    (17) operadores -> MULTIPLICACION .

    PARENTESIS_IZ   reduce using rule 17 (operadores -> MULTIPLICACION .)
    FLOTANTE        reduce using rule 17 (operadores -> MULTIPLICACION .)
    ENTERO          reduce using rule 17 (operadores -> MULTIPLICACION .)


state 30

    (18) operadores -> EXPONENCIACION .

    PARENTESIS_IZ   reduce using rule 18 (operadores -> EXPONENCIACION .)
    FLOTANTE        reduce using rule 18 (operadores -> EXPONENCIACION .)
    ENTERO          reduce using rule 18 (operadores -> EXPONENCIACION .)


state 31

    (19) operadores -> MODULO .

    PARENTESIS_IZ   reduce using rule 19 (operadores -> MODULO .)
    FLOTANTE        reduce using rule 19 (operadores -> MODULO .)
    ENTERO          reduce using rule 19 (operadores -> MODULO .)


state 32

    (26) asignacion -> VARIABLE IGUAL . expresionNumerica
    (27) asignacion -> VARIABLE IGUAL . CADENA
    (28) asignacion -> VARIABLE IGUAL . hashes
    (20) expresionNumerica -> . valorNumerico
    (21) expresionNumerica -> . operacionAritmetica
    (22) expresionNumerica -> . PARENTESIS_IZ operacionAritmetica PARENTESIS_DER
    (69) hashes -> . LLAVE_IZ elemento_hash LLAVE_DER
    (11) valorNumerico -> . FLOTANTE
    (12) valorNumerico -> . ENTERO
    (23) operacionAritmetica -> . expresionNumerica operadores expresionNumerica

    CADENA          shift and go to state 62
    PARENTESIS_IZ   shift and go to state 42
    LLAVE_IZ        shift and go to state 21
    FLOTANTE        shift and go to state 24
    ENTERO          shift and go to state 19

    expresionNumerica              shift and go to state 61
    hashes                         shift and go to state 63
    valorNumerico                  shift and go to state 46
    operacionAritmetica            shift and go to state 60

state 33

    (43) expresiones_booleanas -> VARIABLE operadoresComparacion . VARIABLE
    (44) expresiones_booleanas -> VARIABLE operadoresComparacion . valorNumerico
    (11) valorNumerico -> . FLOTANTE
    (12) valorNumerico -> . ENTERO

    VARIABLE        shift and go to state 64
    FLOTANTE        shift and go to state 24
    ENTERO          shift and go to state 19

    valorNumerico                  shift and go to state 65

state 34

    (51) funcionesEstructuras -> VARIABLE PUNTO . funcionesArray
    (52) funcionesEstructuras -> VARIABLE PUNTO . funcionesNumeros
    (49) funcionesArray -> . SORT
    (50) funcionesNumeros -> . TO_F

    SORT            shift and go to state 68
    TO_F            shift and go to state 69

    funcionesArray                 shift and go to state 66
    funcionesNumeros               shift and go to state 67

state 35

    (33) operadoresComparacion -> DOBLE_IGUAL .

    VARIABLE        reduce using rule 33 (operadoresComparacion -> DOBLE_IGUAL .)
    FLOTANTE        reduce using rule 33 (operadoresComparacion -> DOBLE_IGUAL .)
    ENTERO          reduce using rule 33 (operadoresComparacion -> DOBLE_IGUAL .)


state 36

    (34) operadoresComparacion -> DIFERENTE .

    VARIABLE        reduce using rule 34 (operadoresComparacion -> DIFERENTE .)
    FLOTANTE        reduce using rule 34 (operadoresComparacion -> DIFERENTE .)
    ENTERO          reduce using rule 34 (operadoresComparacion -> DIFERENTE .)


state 37

    (35) operadoresComparacion -> MAYOR_QUE .

    VARIABLE        reduce using rule 35 (operadoresComparacion -> MAYOR_QUE .)
    FLOTANTE        reduce using rule 35 (operadoresComparacion -> MAYOR_QUE .)
    ENTERO          reduce using rule 35 (operadoresComparacion -> MAYOR_QUE .)


state 38

    (36) operadoresComparacion -> MENOR_QUE .

    VARIABLE        reduce using rule 36 (operadoresComparacion -> MENOR_QUE .)
    FLOTANTE        reduce using rule 36 (operadoresComparacion -> MENOR_QUE .)
    ENTERO          reduce using rule 36 (operadoresComparacion -> MENOR_QUE .)


state 39

    (37) operadoresComparacion -> MENOR_IGUAL_QUE .

    VARIABLE        reduce using rule 37 (operadoresComparacion -> MENOR_IGUAL_QUE .)
    FLOTANTE        reduce using rule 37 (operadoresComparacion -> MENOR_IGUAL_QUE .)
    ENTERO          reduce using rule 37 (operadoresComparacion -> MENOR_IGUAL_QUE .)


state 40

    (38) operadoresComparacion -> MAYOR_IGUAL_QUE .

    VARIABLE        reduce using rule 38 (operadoresComparacion -> MAYOR_IGUAL_QUE .)
    FLOTANTE        reduce using rule 38 (operadoresComparacion -> MAYOR_IGUAL_QUE .)
    ENTERO          reduce using rule 38 (operadoresComparacion -> MAYOR_IGUAL_QUE .)


state 41

    (24) impresion -> PRINT PARENTESIS_IZ . expresionNumerica PARENTESIS_DER
    (25) impresion -> PRINT PARENTESIS_IZ . VARIABLE PARENTESIS_DER
    (30) impresion_vacia -> PRINT PARENTESIS_IZ . PARENTESIS_DER
    (20) expresionNumerica -> . valorNumerico
    (21) expresionNumerica -> . operacionAritmetica
    (22) expresionNumerica -> . PARENTESIS_IZ operacionAritmetica PARENTESIS_DER
    (11) valorNumerico -> . FLOTANTE
    (12) valorNumerico -> . ENTERO
    (23) operacionAritmetica -> . expresionNumerica operadores expresionNumerica

    VARIABLE        shift and go to state 72
    PARENTESIS_DER  shift and go to state 71
    PARENTESIS_IZ   shift and go to state 42
    FLOTANTE        shift and go to state 24
    ENTERO          shift and go to state 19

    expresionNumerica              shift and go to state 70
    valorNumerico                  shift and go to state 46
    operacionAritmetica            shift and go to state 60

state 42

    (22) expresionNumerica -> PARENTESIS_IZ . operacionAritmetica PARENTESIS_DER
    (23) operacionAritmetica -> . expresionNumerica operadores expresionNumerica
    (20) expresionNumerica -> . valorNumerico
    (21) expresionNumerica -> . operacionAritmetica
    (22) expresionNumerica -> . PARENTESIS_IZ operacionAritmetica PARENTESIS_DER
    (11) valorNumerico -> . FLOTANTE
    (12) valorNumerico -> . ENTERO

    PARENTESIS_IZ   shift and go to state 42
    FLOTANTE        shift and go to state 24
    ENTERO          shift and go to state 19

    operacionAritmetica            shift and go to state 43
    expresionNumerica              shift and go to state 12
    valorNumerico                  shift and go to state 46

state 43

    (22) expresionNumerica -> PARENTESIS_IZ operacionAritmetica . PARENTESIS_DER
    (21) expresionNumerica -> operacionAritmetica .

    PARENTESIS_DER  shift and go to state 73
    MAS             reduce using rule 21 (expresionNumerica -> operacionAritmetica .)
    MENOS           reduce using rule 21 (expresionNumerica -> operacionAritmetica .)
    DIVISION        reduce using rule 21 (expresionNumerica -> operacionAritmetica .)
    MULTIPLICACION  reduce using rule 21 (expresionNumerica -> operacionAritmetica .)
    EXPONENCIACION  reduce using rule 21 (expresionNumerica -> operacionAritmetica .)
    MODULO          reduce using rule 21 (expresionNumerica -> operacionAritmetica .)


state 44

    (29) rangos -> PARENTESIS_IZ soloEnteros . TRES_PUNTOS soloEnteros PARENTESIS_DER

    TRES_PUNTOS     shift and go to state 74


state 45

    (13) soloEnteros -> ENTERO .
    (12) valorNumerico -> ENTERO .

    TRES_PUNTOS     reduce using rule 13 (soloEnteros -> ENTERO .)
    MAS             reduce using rule 12 (valorNumerico -> ENTERO .)
    MENOS           reduce using rule 12 (valorNumerico -> ENTERO .)
    DIVISION        reduce using rule 12 (valorNumerico -> ENTERO .)
    MULTIPLICACION  reduce using rule 12 (valorNumerico -> ENTERO .)
    EXPONENCIACION  reduce using rule 12 (valorNumerico -> ENTERO .)
    MODULO          reduce using rule 12 (valorNumerico -> ENTERO .)


state 46

    (20) expresionNumerica -> valorNumerico .

    MAS             reduce using rule 20 (expresionNumerica -> valorNumerico .)
    MENOS           reduce using rule 20 (expresionNumerica -> valorNumerico .)
    DIVISION        reduce using rule 20 (expresionNumerica -> valorNumerico .)
    MULTIPLICACION  reduce using rule 20 (expresionNumerica -> valorNumerico .)
    EXPONENCIACION  reduce using rule 20 (expresionNumerica -> valorNumerico .)
    MODULO          reduce using rule 20 (expresionNumerica -> valorNumerico .)
    $end            reduce using rule 20 (expresionNumerica -> valorNumerico .)
    PARENTESIS_DER  reduce using rule 20 (expresionNumerica -> valorNumerico .)
    ELSE            reduce using rule 20 (expresionNumerica -> valorNumerico .)
    ELSEIF          reduce using rule 20 (expresionNumerica -> valorNumerico .)
    END             reduce using rule 20 (expresionNumerica -> valorNumerico .)


state 47

    (31) impresion_vacia -> PUTS PARENTESIS_IZ . PARENTESIS_DER

    PARENTESIS_DER  shift and go to state 75


state 48

    (41) expresiones_booleanas -> valorNumerico operadoresComparacion . valorNumerico
    (45) expresiones_booleanas -> valorNumerico operadoresComparacion . VARIABLE
    (11) valorNumerico -> . FLOTANTE
    (12) valorNumerico -> . ENTERO

    VARIABLE        shift and go to state 77
    FLOTANTE        shift and go to state 24
    ENTERO          shift and go to state 19

    valorNumerico                  shift and go to state 76

state 49

    (42) expresiones_booleanas -> rangos TRIPLE_IGUAL . ENTERO

    ENTERO          shift and go to state 78


state 50

    (69) hashes -> LLAVE_IZ elemento_hash . LLAVE_DER

    LLAVE_DER       shift and go to state 79


state 51

    (72) elemento_hash -> claveValor .
    (73) elemento_hash -> claveValor . COMA claveValor

    LLAVE_DER       reduce using rule 72 (elemento_hash -> claveValor .)
    COMA            shift and go to state 80


state 52

    (70) claveValor -> VARIABLE . ASIGNA_HASH valorNumerico
    (71) claveValor -> VARIABLE . ASIGNA_HASH CADENA

    ASIGNA_HASH     shift and go to state 81


state 53

    (57) estructura_if -> IF condicionIf . declaracion ELSE declaracion END
    (58) estructura_if -> IF condicionIf . declaracion estructura_secundaria_if
    (61) declaracion -> . operacionAritmetica
    (62) declaracion -> . asignacion
    (63) declaracion -> . impresion
    (64) declaracion -> . impresion_vacia
    (65) declaracion -> . expresiones_booleanas
    (66) declaracion -> . solicitudDatosTeclado
    (67) declaracion -> . hashes
    (68) declaracion -> . estructura_if
    (23) operacionAritmetica -> . expresionNumerica operadores expresionNumerica
    (26) asignacion -> . VARIABLE IGUAL expresionNumerica
    (27) asignacion -> . VARIABLE IGUAL CADENA
    (28) asignacion -> . VARIABLE IGUAL hashes
    (24) impresion -> . PRINT PARENTESIS_IZ expresionNumerica PARENTESIS_DER
    (25) impresion -> . PRINT PARENTESIS_IZ VARIABLE PARENTESIS_DER
    (30) impresion_vacia -> . PRINT PARENTESIS_IZ PARENTESIS_DER
    (31) impresion_vacia -> . PUTS PARENTESIS_IZ PARENTESIS_DER
    (32) impresion_vacia -> . PUTS
    (41) expresiones_booleanas -> . valorNumerico operadoresComparacion valorNumerico
    (42) expresiones_booleanas -> . rangos TRIPLE_IGUAL ENTERO
    (43) expresiones_booleanas -> . VARIABLE operadoresComparacion VARIABLE
    (44) expresiones_booleanas -> . VARIABLE operadoresComparacion valorNumerico
    (45) expresiones_booleanas -> . valorNumerico operadoresComparacion VARIABLE
    (46) solicitudDatosTeclado -> . GETS
    (69) hashes -> . LLAVE_IZ elemento_hash LLAVE_DER
    (57) estructura_if -> . IF condicionIf declaracion ELSE declaracion END
    (58) estructura_if -> . IF condicionIf declaracion estructura_secundaria_if
    (20) expresionNumerica -> . valorNumerico
    (21) expresionNumerica -> . operacionAritmetica
    (22) expresionNumerica -> . PARENTESIS_IZ operacionAritmetica PARENTESIS_DER
    (11) valorNumerico -> . FLOTANTE
    (12) valorNumerico -> . ENTERO
    (29) rangos -> . PARENTESIS_IZ soloEnteros TRES_PUNTOS soloEnteros PARENTESIS_DER

    VARIABLE        shift and go to state 91
    PRINT           shift and go to state 14
    PUTS            shift and go to state 16
    GETS            shift and go to state 20
    LLAVE_IZ        shift and go to state 21
    IF              shift and go to state 22
    PARENTESIS_IZ   shift and go to state 15
    FLOTANTE        shift and go to state 24
    ENTERO          shift and go to state 19

    declaracion                    shift and go to state 82
    operacionAritmetica            shift and go to state 83
    asignacion                     shift and go to state 84
    impresion                      shift and go to state 85
    impresion_vacia                shift and go to state 86
    expresiones_booleanas          shift and go to state 87
    solicitudDatosTeclado          shift and go to state 88
    hashes                         shift and go to state 89
    estructura_if                  shift and go to state 90
    expresionNumerica              shift and go to state 12
    valorNumerico                  shift and go to state 17
    rangos                         shift and go to state 18

state 54

    (55) condicionIf -> expresiones_booleanas .
    (56) condicionIf -> expresiones_booleanas . funcionesComparacion expresiones_booleanas
    (39) funcionesComparacion -> . AND
    (40) funcionesComparacion -> . OR

    VARIABLE        reduce using rule 55 (condicionIf -> expresiones_booleanas .)
    PRINT           reduce using rule 55 (condicionIf -> expresiones_booleanas .)
    PUTS            reduce using rule 55 (condicionIf -> expresiones_booleanas .)
    GETS            reduce using rule 55 (condicionIf -> expresiones_booleanas .)
    LLAVE_IZ        reduce using rule 55 (condicionIf -> expresiones_booleanas .)
    IF              reduce using rule 55 (condicionIf -> expresiones_booleanas .)
    PARENTESIS_IZ   reduce using rule 55 (condicionIf -> expresiones_booleanas .)
    FLOTANTE        reduce using rule 55 (condicionIf -> expresiones_booleanas .)
    ENTERO          reduce using rule 55 (condicionIf -> expresiones_booleanas .)
    AND             shift and go to state 93
    OR              shift and go to state 94

    funcionesComparacion           shift and go to state 92

state 55

    (41) expresiones_booleanas -> valorNumerico . operadoresComparacion valorNumerico
    (45) expresiones_booleanas -> valorNumerico . operadoresComparacion VARIABLE
    (33) operadoresComparacion -> . DOBLE_IGUAL
    (34) operadoresComparacion -> . DIFERENTE
    (35) operadoresComparacion -> . MAYOR_QUE
    (36) operadoresComparacion -> . MENOR_QUE
    (37) operadoresComparacion -> . MENOR_IGUAL_QUE
    (38) operadoresComparacion -> . MAYOR_IGUAL_QUE

    DOBLE_IGUAL     shift and go to state 35
    DIFERENTE       shift and go to state 36
    MAYOR_QUE       shift and go to state 37
    MENOR_QUE       shift and go to state 38
    MENOR_IGUAL_QUE shift and go to state 39
    MAYOR_IGUAL_QUE shift and go to state 40

    operadoresComparacion          shift and go to state 48

state 56

    (43) expresiones_booleanas -> VARIABLE . operadoresComparacion VARIABLE
    (44) expresiones_booleanas -> VARIABLE . operadoresComparacion valorNumerico
    (33) operadoresComparacion -> . DOBLE_IGUAL
    (34) operadoresComparacion -> . DIFERENTE
    (35) operadoresComparacion -> . MAYOR_QUE
    (36) operadoresComparacion -> . MENOR_QUE
    (37) operadoresComparacion -> . MENOR_IGUAL_QUE
    (38) operadoresComparacion -> . MAYOR_IGUAL_QUE

    DOBLE_IGUAL     shift and go to state 35
    DIFERENTE       shift and go to state 36
    MAYOR_QUE       shift and go to state 37
    MENOR_QUE       shift and go to state 38
    MENOR_IGUAL_QUE shift and go to state 39
    MAYOR_IGUAL_QUE shift and go to state 40

    operadoresComparacion          shift and go to state 33

state 57

    (29) rangos -> PARENTESIS_IZ . soloEnteros TRES_PUNTOS soloEnteros PARENTESIS_DER
    (13) soloEnteros -> . ENTERO

    ENTERO          shift and go to state 95

    soloEnteros                    shift and go to state 44

state 58

    (47) funciones -> DEF VARIABLE . PARENTESIS_IZ PARENTESIS_DER END
    (48) funciones -> DEF VARIABLE . PARENTESIS_IZ argumentos PARENTESIS_DER END

    PARENTESIS_IZ   shift and go to state 96


state 59

    (23) operacionAritmetica -> expresionNumerica operadores expresionNumerica .
    (23) operacionAritmetica -> expresionNumerica . operadores expresionNumerica
    (14) operadores -> . MAS
    (15) operadores -> . MENOS
    (16) operadores -> . DIVISION
    (17) operadores -> . MULTIPLICACION
    (18) operadores -> . EXPONENCIACION
    (19) operadores -> . MODULO

  ! shift/reduce conflict for MAS resolved as shift
  ! shift/reduce conflict for MENOS resolved as shift
  ! shift/reduce conflict for DIVISION resolved as shift
  ! shift/reduce conflict for MULTIPLICACION resolved as shift
  ! shift/reduce conflict for EXPONENCIACION resolved as shift
  ! shift/reduce conflict for MODULO resolved as shift
    $end            reduce using rule 23 (operacionAritmetica -> expresionNumerica operadores expresionNumerica .)
    PARENTESIS_DER  reduce using rule 23 (operacionAritmetica -> expresionNumerica operadores expresionNumerica .)
    ELSE            reduce using rule 23 (operacionAritmetica -> expresionNumerica operadores expresionNumerica .)
    ELSEIF          reduce using rule 23 (operacionAritmetica -> expresionNumerica operadores expresionNumerica .)
    END             reduce using rule 23 (operacionAritmetica -> expresionNumerica operadores expresionNumerica .)
    MAS             shift and go to state 26
    MENOS           shift and go to state 27
    DIVISION        shift and go to state 28
    MULTIPLICACION  shift and go to state 29
    EXPONENCIACION  shift and go to state 30
    MODULO          shift and go to state 31

  ! MAS             [ reduce using rule 23 (operacionAritmetica -> expresionNumerica operadores expresionNumerica .) ]
  ! MENOS           [ reduce using rule 23 (operacionAritmetica -> expresionNumerica operadores expresionNumerica .) ]
  ! DIVISION        [ reduce using rule 23 (operacionAritmetica -> expresionNumerica operadores expresionNumerica .) ]
  ! MULTIPLICACION  [ reduce using rule 23 (operacionAritmetica -> expresionNumerica operadores expresionNumerica .) ]
  ! EXPONENCIACION  [ reduce using rule 23 (operacionAritmetica -> expresionNumerica operadores expresionNumerica .) ]
  ! MODULO          [ reduce using rule 23 (operacionAritmetica -> expresionNumerica operadores expresionNumerica .) ]

    operadores                     shift and go to state 25

state 60

    (21) expresionNumerica -> operacionAritmetica .

    MAS             reduce using rule 21 (expresionNumerica -> operacionAritmetica .)
    MENOS           reduce using rule 21 (expresionNumerica -> operacionAritmetica .)
    DIVISION        reduce using rule 21 (expresionNumerica -> operacionAritmetica .)
    MULTIPLICACION  reduce using rule 21 (expresionNumerica -> operacionAritmetica .)
    EXPONENCIACION  reduce using rule 21 (expresionNumerica -> operacionAritmetica .)
    MODULO          reduce using rule 21 (expresionNumerica -> operacionAritmetica .)
    $end            reduce using rule 21 (expresionNumerica -> operacionAritmetica .)
    PARENTESIS_DER  reduce using rule 21 (expresionNumerica -> operacionAritmetica .)
    ELSE            reduce using rule 21 (expresionNumerica -> operacionAritmetica .)
    ELSEIF          reduce using rule 21 (expresionNumerica -> operacionAritmetica .)
    END             reduce using rule 21 (expresionNumerica -> operacionAritmetica .)


state 61

    (26) asignacion -> VARIABLE IGUAL expresionNumerica .
    (23) operacionAritmetica -> expresionNumerica . operadores expresionNumerica
    (14) operadores -> . MAS
    (15) operadores -> . MENOS
    (16) operadores -> . DIVISION
    (17) operadores -> . MULTIPLICACION
    (18) operadores -> . EXPONENCIACION
    (19) operadores -> . MODULO

    $end            reduce using rule 26 (asignacion -> VARIABLE IGUAL expresionNumerica .)
    ELSE            reduce using rule 26 (asignacion -> VARIABLE IGUAL expresionNumerica .)
    ELSEIF          reduce using rule 26 (asignacion -> VARIABLE IGUAL expresionNumerica .)
    END             reduce using rule 26 (asignacion -> VARIABLE IGUAL expresionNumerica .)
    MAS             shift and go to state 26
    MENOS           shift and go to state 27
    DIVISION        shift and go to state 28
    MULTIPLICACION  shift and go to state 29
    EXPONENCIACION  shift and go to state 30
    MODULO          shift and go to state 31

    operadores                     shift and go to state 25

state 62

    (27) asignacion -> VARIABLE IGUAL CADENA .

    $end            reduce using rule 27 (asignacion -> VARIABLE IGUAL CADENA .)
    ELSE            reduce using rule 27 (asignacion -> VARIABLE IGUAL CADENA .)
    ELSEIF          reduce using rule 27 (asignacion -> VARIABLE IGUAL CADENA .)
    END             reduce using rule 27 (asignacion -> VARIABLE IGUAL CADENA .)


state 63

    (28) asignacion -> VARIABLE IGUAL hashes .

    $end            reduce using rule 28 (asignacion -> VARIABLE IGUAL hashes .)
    ELSE            reduce using rule 28 (asignacion -> VARIABLE IGUAL hashes .)
    ELSEIF          reduce using rule 28 (asignacion -> VARIABLE IGUAL hashes .)
    END             reduce using rule 28 (asignacion -> VARIABLE IGUAL hashes .)


state 64

    (43) expresiones_booleanas -> VARIABLE operadoresComparacion VARIABLE .

    $end            reduce using rule 43 (expresiones_booleanas -> VARIABLE operadoresComparacion VARIABLE .)
    AND             reduce using rule 43 (expresiones_booleanas -> VARIABLE operadoresComparacion VARIABLE .)
    OR              reduce using rule 43 (expresiones_booleanas -> VARIABLE operadoresComparacion VARIABLE .)
    VARIABLE        reduce using rule 43 (expresiones_booleanas -> VARIABLE operadoresComparacion VARIABLE .)
    PRINT           reduce using rule 43 (expresiones_booleanas -> VARIABLE operadoresComparacion VARIABLE .)
    PUTS            reduce using rule 43 (expresiones_booleanas -> VARIABLE operadoresComparacion VARIABLE .)
    GETS            reduce using rule 43 (expresiones_booleanas -> VARIABLE operadoresComparacion VARIABLE .)
    LLAVE_IZ        reduce using rule 43 (expresiones_booleanas -> VARIABLE operadoresComparacion VARIABLE .)
    IF              reduce using rule 43 (expresiones_booleanas -> VARIABLE operadoresComparacion VARIABLE .)
    PARENTESIS_IZ   reduce using rule 43 (expresiones_booleanas -> VARIABLE operadoresComparacion VARIABLE .)
    FLOTANTE        reduce using rule 43 (expresiones_booleanas -> VARIABLE operadoresComparacion VARIABLE .)
    ENTERO          reduce using rule 43 (expresiones_booleanas -> VARIABLE operadoresComparacion VARIABLE .)
    ELSE            reduce using rule 43 (expresiones_booleanas -> VARIABLE operadoresComparacion VARIABLE .)
    ELSEIF          reduce using rule 43 (expresiones_booleanas -> VARIABLE operadoresComparacion VARIABLE .)
    END             reduce using rule 43 (expresiones_booleanas -> VARIABLE operadoresComparacion VARIABLE .)


state 65

    (44) expresiones_booleanas -> VARIABLE operadoresComparacion valorNumerico .

    $end            reduce using rule 44 (expresiones_booleanas -> VARIABLE operadoresComparacion valorNumerico .)
    AND             reduce using rule 44 (expresiones_booleanas -> VARIABLE operadoresComparacion valorNumerico .)
    OR              reduce using rule 44 (expresiones_booleanas -> VARIABLE operadoresComparacion valorNumerico .)
    VARIABLE        reduce using rule 44 (expresiones_booleanas -> VARIABLE operadoresComparacion valorNumerico .)
    PRINT           reduce using rule 44 (expresiones_booleanas -> VARIABLE operadoresComparacion valorNumerico .)
    PUTS            reduce using rule 44 (expresiones_booleanas -> VARIABLE operadoresComparacion valorNumerico .)
    GETS            reduce using rule 44 (expresiones_booleanas -> VARIABLE operadoresComparacion valorNumerico .)
    LLAVE_IZ        reduce using rule 44 (expresiones_booleanas -> VARIABLE operadoresComparacion valorNumerico .)
    IF              reduce using rule 44 (expresiones_booleanas -> VARIABLE operadoresComparacion valorNumerico .)
    PARENTESIS_IZ   reduce using rule 44 (expresiones_booleanas -> VARIABLE operadoresComparacion valorNumerico .)
    FLOTANTE        reduce using rule 44 (expresiones_booleanas -> VARIABLE operadoresComparacion valorNumerico .)
    ENTERO          reduce using rule 44 (expresiones_booleanas -> VARIABLE operadoresComparacion valorNumerico .)
    ELSE            reduce using rule 44 (expresiones_booleanas -> VARIABLE operadoresComparacion valorNumerico .)
    ELSEIF          reduce using rule 44 (expresiones_booleanas -> VARIABLE operadoresComparacion valorNumerico .)
    END             reduce using rule 44 (expresiones_booleanas -> VARIABLE operadoresComparacion valorNumerico .)


state 66

    (51) funcionesEstructuras -> VARIABLE PUNTO funcionesArray .

    $end            reduce using rule 51 (funcionesEstructuras -> VARIABLE PUNTO funcionesArray .)


state 67

    (52) funcionesEstructuras -> VARIABLE PUNTO funcionesNumeros .

    $end            reduce using rule 52 (funcionesEstructuras -> VARIABLE PUNTO funcionesNumeros .)


state 68

    (49) funcionesArray -> SORT .

    $end            reduce using rule 49 (funcionesArray -> SORT .)


state 69

    (50) funcionesNumeros -> TO_F .

    $end            reduce using rule 50 (funcionesNumeros -> TO_F .)


state 70

    (24) impresion -> PRINT PARENTESIS_IZ expresionNumerica . PARENTESIS_DER
    (23) operacionAritmetica -> expresionNumerica . operadores expresionNumerica
    (14) operadores -> . MAS
    (15) operadores -> . MENOS
    (16) operadores -> . DIVISION
    (17) operadores -> . MULTIPLICACION
    (18) operadores -> . EXPONENCIACION
    (19) operadores -> . MODULO

    PARENTESIS_DER  shift and go to state 97
    MAS             shift and go to state 26
    MENOS           shift and go to state 27
    DIVISION        shift and go to state 28
    MULTIPLICACION  shift and go to state 29
    EXPONENCIACION  shift and go to state 30
    MODULO          shift and go to state 31

    operadores                     shift and go to state 25

state 71

    (30) impresion_vacia -> PRINT PARENTESIS_IZ PARENTESIS_DER .

    $end            reduce using rule 30 (impresion_vacia -> PRINT PARENTESIS_IZ PARENTESIS_DER .)
    ELSE            reduce using rule 30 (impresion_vacia -> PRINT PARENTESIS_IZ PARENTESIS_DER .)
    ELSEIF          reduce using rule 30 (impresion_vacia -> PRINT PARENTESIS_IZ PARENTESIS_DER .)
    END             reduce using rule 30 (impresion_vacia -> PRINT PARENTESIS_IZ PARENTESIS_DER .)


state 72

    (25) impresion -> PRINT PARENTESIS_IZ VARIABLE . PARENTESIS_DER

    PARENTESIS_DER  shift and go to state 98


state 73

    (22) expresionNumerica -> PARENTESIS_IZ operacionAritmetica PARENTESIS_DER .

    MAS             reduce using rule 22 (expresionNumerica -> PARENTESIS_IZ operacionAritmetica PARENTESIS_DER .)
    MENOS           reduce using rule 22 (expresionNumerica -> PARENTESIS_IZ operacionAritmetica PARENTESIS_DER .)
    DIVISION        reduce using rule 22 (expresionNumerica -> PARENTESIS_IZ operacionAritmetica PARENTESIS_DER .)
    MULTIPLICACION  reduce using rule 22 (expresionNumerica -> PARENTESIS_IZ operacionAritmetica PARENTESIS_DER .)
    EXPONENCIACION  reduce using rule 22 (expresionNumerica -> PARENTESIS_IZ operacionAritmetica PARENTESIS_DER .)
    MODULO          reduce using rule 22 (expresionNumerica -> PARENTESIS_IZ operacionAritmetica PARENTESIS_DER .)
    $end            reduce using rule 22 (expresionNumerica -> PARENTESIS_IZ operacionAritmetica PARENTESIS_DER .)
    PARENTESIS_DER  reduce using rule 22 (expresionNumerica -> PARENTESIS_IZ operacionAritmetica PARENTESIS_DER .)
    ELSE            reduce using rule 22 (expresionNumerica -> PARENTESIS_IZ operacionAritmetica PARENTESIS_DER .)
    ELSEIF          reduce using rule 22 (expresionNumerica -> PARENTESIS_IZ operacionAritmetica PARENTESIS_DER .)
    END             reduce using rule 22 (expresionNumerica -> PARENTESIS_IZ operacionAritmetica PARENTESIS_DER .)


state 74

    (29) rangos -> PARENTESIS_IZ soloEnteros TRES_PUNTOS . soloEnteros PARENTESIS_DER
    (13) soloEnteros -> . ENTERO

    ENTERO          shift and go to state 95

    soloEnteros                    shift and go to state 99

state 75

    (31) impresion_vacia -> PUTS PARENTESIS_IZ PARENTESIS_DER .

    $end            reduce using rule 31 (impresion_vacia -> PUTS PARENTESIS_IZ PARENTESIS_DER .)
    ELSE            reduce using rule 31 (impresion_vacia -> PUTS PARENTESIS_IZ PARENTESIS_DER .)
    ELSEIF          reduce using rule 31 (impresion_vacia -> PUTS PARENTESIS_IZ PARENTESIS_DER .)
    END             reduce using rule 31 (impresion_vacia -> PUTS PARENTESIS_IZ PARENTESIS_DER .)


state 76

    (41) expresiones_booleanas -> valorNumerico operadoresComparacion valorNumerico .

    $end            reduce using rule 41 (expresiones_booleanas -> valorNumerico operadoresComparacion valorNumerico .)
    AND             reduce using rule 41 (expresiones_booleanas -> valorNumerico operadoresComparacion valorNumerico .)
    OR              reduce using rule 41 (expresiones_booleanas -> valorNumerico operadoresComparacion valorNumerico .)
    VARIABLE        reduce using rule 41 (expresiones_booleanas -> valorNumerico operadoresComparacion valorNumerico .)
    PRINT           reduce using rule 41 (expresiones_booleanas -> valorNumerico operadoresComparacion valorNumerico .)
    PUTS            reduce using rule 41 (expresiones_booleanas -> valorNumerico operadoresComparacion valorNumerico .)
    GETS            reduce using rule 41 (expresiones_booleanas -> valorNumerico operadoresComparacion valorNumerico .)
    LLAVE_IZ        reduce using rule 41 (expresiones_booleanas -> valorNumerico operadoresComparacion valorNumerico .)
    IF              reduce using rule 41 (expresiones_booleanas -> valorNumerico operadoresComparacion valorNumerico .)
    PARENTESIS_IZ   reduce using rule 41 (expresiones_booleanas -> valorNumerico operadoresComparacion valorNumerico .)
    FLOTANTE        reduce using rule 41 (expresiones_booleanas -> valorNumerico operadoresComparacion valorNumerico .)
    ENTERO          reduce using rule 41 (expresiones_booleanas -> valorNumerico operadoresComparacion valorNumerico .)
    ELSE            reduce using rule 41 (expresiones_booleanas -> valorNumerico operadoresComparacion valorNumerico .)
    ELSEIF          reduce using rule 41 (expresiones_booleanas -> valorNumerico operadoresComparacion valorNumerico .)
    END             reduce using rule 41 (expresiones_booleanas -> valorNumerico operadoresComparacion valorNumerico .)


state 77

    (45) expresiones_booleanas -> valorNumerico operadoresComparacion VARIABLE .

    $end            reduce using rule 45 (expresiones_booleanas -> valorNumerico operadoresComparacion VARIABLE .)
    AND             reduce using rule 45 (expresiones_booleanas -> valorNumerico operadoresComparacion VARIABLE .)
    OR              reduce using rule 45 (expresiones_booleanas -> valorNumerico operadoresComparacion VARIABLE .)
    VARIABLE        reduce using rule 45 (expresiones_booleanas -> valorNumerico operadoresComparacion VARIABLE .)
    PRINT           reduce using rule 45 (expresiones_booleanas -> valorNumerico operadoresComparacion VARIABLE .)
    PUTS            reduce using rule 45 (expresiones_booleanas -> valorNumerico operadoresComparacion VARIABLE .)
    GETS            reduce using rule 45 (expresiones_booleanas -> valorNumerico operadoresComparacion VARIABLE .)
    LLAVE_IZ        reduce using rule 45 (expresiones_booleanas -> valorNumerico operadoresComparacion VARIABLE .)
    IF              reduce using rule 45 (expresiones_booleanas -> valorNumerico operadoresComparacion VARIABLE .)
    PARENTESIS_IZ   reduce using rule 45 (expresiones_booleanas -> valorNumerico operadoresComparacion VARIABLE .)
    FLOTANTE        reduce using rule 45 (expresiones_booleanas -> valorNumerico operadoresComparacion VARIABLE .)
    ENTERO          reduce using rule 45 (expresiones_booleanas -> valorNumerico operadoresComparacion VARIABLE .)
    ELSE            reduce using rule 45 (expresiones_booleanas -> valorNumerico operadoresComparacion VARIABLE .)
    ELSEIF          reduce using rule 45 (expresiones_booleanas -> valorNumerico operadoresComparacion VARIABLE .)
    END             reduce using rule 45 (expresiones_booleanas -> valorNumerico operadoresComparacion VARIABLE .)


state 78

    (42) expresiones_booleanas -> rangos TRIPLE_IGUAL ENTERO .

    $end            reduce using rule 42 (expresiones_booleanas -> rangos TRIPLE_IGUAL ENTERO .)
    AND             reduce using rule 42 (expresiones_booleanas -> rangos TRIPLE_IGUAL ENTERO .)
    OR              reduce using rule 42 (expresiones_booleanas -> rangos TRIPLE_IGUAL ENTERO .)
    VARIABLE        reduce using rule 42 (expresiones_booleanas -> rangos TRIPLE_IGUAL ENTERO .)
    PRINT           reduce using rule 42 (expresiones_booleanas -> rangos TRIPLE_IGUAL ENTERO .)
    PUTS            reduce using rule 42 (expresiones_booleanas -> rangos TRIPLE_IGUAL ENTERO .)
    GETS            reduce using rule 42 (expresiones_booleanas -> rangos TRIPLE_IGUAL ENTERO .)
    LLAVE_IZ        reduce using rule 42 (expresiones_booleanas -> rangos TRIPLE_IGUAL ENTERO .)
    IF              reduce using rule 42 (expresiones_booleanas -> rangos TRIPLE_IGUAL ENTERO .)
    PARENTESIS_IZ   reduce using rule 42 (expresiones_booleanas -> rangos TRIPLE_IGUAL ENTERO .)
    FLOTANTE        reduce using rule 42 (expresiones_booleanas -> rangos TRIPLE_IGUAL ENTERO .)
    ENTERO          reduce using rule 42 (expresiones_booleanas -> rangos TRIPLE_IGUAL ENTERO .)
    ELSE            reduce using rule 42 (expresiones_booleanas -> rangos TRIPLE_IGUAL ENTERO .)
    ELSEIF          reduce using rule 42 (expresiones_booleanas -> rangos TRIPLE_IGUAL ENTERO .)
    END             reduce using rule 42 (expresiones_booleanas -> rangos TRIPLE_IGUAL ENTERO .)


state 79

    (69) hashes -> LLAVE_IZ elemento_hash LLAVE_DER .

    $end            reduce using rule 69 (hashes -> LLAVE_IZ elemento_hash LLAVE_DER .)
    ELSE            reduce using rule 69 (hashes -> LLAVE_IZ elemento_hash LLAVE_DER .)
    ELSEIF          reduce using rule 69 (hashes -> LLAVE_IZ elemento_hash LLAVE_DER .)
    END             reduce using rule 69 (hashes -> LLAVE_IZ elemento_hash LLAVE_DER .)


state 80

    (73) elemento_hash -> claveValor COMA . claveValor
    (70) claveValor -> . VARIABLE ASIGNA_HASH valorNumerico
    (71) claveValor -> . VARIABLE ASIGNA_HASH CADENA

    VARIABLE        shift and go to state 52

    claveValor                     shift and go to state 100

state 81

    (70) claveValor -> VARIABLE ASIGNA_HASH . valorNumerico
    (71) claveValor -> VARIABLE ASIGNA_HASH . CADENA
    (11) valorNumerico -> . FLOTANTE
    (12) valorNumerico -> . ENTERO

    CADENA          shift and go to state 102
    FLOTANTE        shift and go to state 24
    ENTERO          shift and go to state 19

    valorNumerico                  shift and go to state 101

state 82

    (57) estructura_if -> IF condicionIf declaracion . ELSE declaracion END
    (58) estructura_if -> IF condicionIf declaracion . estructura_secundaria_if
    (59) estructura_secundaria_if -> . ELSEIF condicionIf declaracion ELSE declaracion END
    (60) estructura_secundaria_if -> . ELSEIF condicionIf declaracion estructura_secundaria_if

    ELSE            shift and go to state 103
    ELSEIF          shift and go to state 105

    estructura_secundaria_if       shift and go to state 104

state 83

    (61) declaracion -> operacionAritmetica .
    (21) expresionNumerica -> operacionAritmetica .

    ELSE            reduce using rule 61 (declaracion -> operacionAritmetica .)
    ELSEIF          reduce using rule 61 (declaracion -> operacionAritmetica .)
    END             reduce using rule 61 (declaracion -> operacionAritmetica .)
    MAS             reduce using rule 21 (expresionNumerica -> operacionAritmetica .)
    MENOS           reduce using rule 21 (expresionNumerica -> operacionAritmetica .)
    DIVISION        reduce using rule 21 (expresionNumerica -> operacionAritmetica .)
    MULTIPLICACION  reduce using rule 21 (expresionNumerica -> operacionAritmetica .)
    EXPONENCIACION  reduce using rule 21 (expresionNumerica -> operacionAritmetica .)
    MODULO          reduce using rule 21 (expresionNumerica -> operacionAritmetica .)


state 84

    (62) declaracion -> asignacion .

    ELSE            reduce using rule 62 (declaracion -> asignacion .)
    ELSEIF          reduce using rule 62 (declaracion -> asignacion .)
    END             reduce using rule 62 (declaracion -> asignacion .)


state 85

    (63) declaracion -> impresion .

    ELSE            reduce using rule 63 (declaracion -> impresion .)
    ELSEIF          reduce using rule 63 (declaracion -> impresion .)
    END             reduce using rule 63 (declaracion -> impresion .)


state 86

    (64) declaracion -> impresion_vacia .

    ELSE            reduce using rule 64 (declaracion -> impresion_vacia .)
    ELSEIF          reduce using rule 64 (declaracion -> impresion_vacia .)
    END             reduce using rule 64 (declaracion -> impresion_vacia .)


state 87

    (65) declaracion -> expresiones_booleanas .

    ELSE            reduce using rule 65 (declaracion -> expresiones_booleanas .)
    ELSEIF          reduce using rule 65 (declaracion -> expresiones_booleanas .)
    END             reduce using rule 65 (declaracion -> expresiones_booleanas .)


state 88

    (66) declaracion -> solicitudDatosTeclado .

    ELSE            reduce using rule 66 (declaracion -> solicitudDatosTeclado .)
    ELSEIF          reduce using rule 66 (declaracion -> solicitudDatosTeclado .)
    END             reduce using rule 66 (declaracion -> solicitudDatosTeclado .)


state 89

    (67) declaracion -> hashes .

    ELSE            reduce using rule 67 (declaracion -> hashes .)
    ELSEIF          reduce using rule 67 (declaracion -> hashes .)
    END             reduce using rule 67 (declaracion -> hashes .)


state 90

    (68) declaracion -> estructura_if .

    ELSE            reduce using rule 68 (declaracion -> estructura_if .)
    ELSEIF          reduce using rule 68 (declaracion -> estructura_if .)
    END             reduce using rule 68 (declaracion -> estructura_if .)


state 91

    (26) asignacion -> VARIABLE . IGUAL expresionNumerica
    (27) asignacion -> VARIABLE . IGUAL CADENA
    (28) asignacion -> VARIABLE . IGUAL hashes
    (43) expresiones_booleanas -> VARIABLE . operadoresComparacion VARIABLE
    (44) expresiones_booleanas -> VARIABLE . operadoresComparacion valorNumerico
    (33) operadoresComparacion -> . DOBLE_IGUAL
    (34) operadoresComparacion -> . DIFERENTE
    (35) operadoresComparacion -> . MAYOR_QUE
    (36) operadoresComparacion -> . MENOR_QUE
    (37) operadoresComparacion -> . MENOR_IGUAL_QUE
    (38) operadoresComparacion -> . MAYOR_IGUAL_QUE

    IGUAL           shift and go to state 32
    DOBLE_IGUAL     shift and go to state 35
    DIFERENTE       shift and go to state 36
    MAYOR_QUE       shift and go to state 37
    MENOR_QUE       shift and go to state 38
    MENOR_IGUAL_QUE shift and go to state 39
    MAYOR_IGUAL_QUE shift and go to state 40

    operadoresComparacion          shift and go to state 33

state 92

    (56) condicionIf -> expresiones_booleanas funcionesComparacion . expresiones_booleanas
    (41) expresiones_booleanas -> . valorNumerico operadoresComparacion valorNumerico
    (42) expresiones_booleanas -> . rangos TRIPLE_IGUAL ENTERO
    (43) expresiones_booleanas -> . VARIABLE operadoresComparacion VARIABLE
    (44) expresiones_booleanas -> . VARIABLE operadoresComparacion valorNumerico
    (45) expresiones_booleanas -> . valorNumerico operadoresComparacion VARIABLE
    (11) valorNumerico -> . FLOTANTE
    (12) valorNumerico -> . ENTERO
    (29) rangos -> . PARENTESIS_IZ soloEnteros TRES_PUNTOS soloEnteros PARENTESIS_DER

    VARIABLE        shift and go to state 56
    FLOTANTE        shift and go to state 24
    ENTERO          shift and go to state 19
    PARENTESIS_IZ   shift and go to state 57

    expresiones_booleanas          shift and go to state 106
    valorNumerico                  shift and go to state 55
    rangos                         shift and go to state 18

state 93

    (39) funcionesComparacion -> AND .

    VARIABLE        reduce using rule 39 (funcionesComparacion -> AND .)
    FLOTANTE        reduce using rule 39 (funcionesComparacion -> AND .)
    ENTERO          reduce using rule 39 (funcionesComparacion -> AND .)
    PARENTESIS_IZ   reduce using rule 39 (funcionesComparacion -> AND .)


state 94

    (40) funcionesComparacion -> OR .

    VARIABLE        reduce using rule 40 (funcionesComparacion -> OR .)
    FLOTANTE        reduce using rule 40 (funcionesComparacion -> OR .)
    ENTERO          reduce using rule 40 (funcionesComparacion -> OR .)
    PARENTESIS_IZ   reduce using rule 40 (funcionesComparacion -> OR .)


state 95

    (13) soloEnteros -> ENTERO .

    TRES_PUNTOS     reduce using rule 13 (soloEnteros -> ENTERO .)
    PARENTESIS_DER  reduce using rule 13 (soloEnteros -> ENTERO .)


state 96

    (47) funciones -> DEF VARIABLE PARENTESIS_IZ . PARENTESIS_DER END
    (48) funciones -> DEF VARIABLE PARENTESIS_IZ . argumentos PARENTESIS_DER END
    (53) argumentos -> . VARIABLE
    (54) argumentos -> . VARIABLE COMA argumentos

    PARENTESIS_DER  shift and go to state 108
    VARIABLE        shift and go to state 107

    argumentos                     shift and go to state 109

state 97

    (24) impresion -> PRINT PARENTESIS_IZ expresionNumerica PARENTESIS_DER .

    $end            reduce using rule 24 (impresion -> PRINT PARENTESIS_IZ expresionNumerica PARENTESIS_DER .)
    ELSE            reduce using rule 24 (impresion -> PRINT PARENTESIS_IZ expresionNumerica PARENTESIS_DER .)
    ELSEIF          reduce using rule 24 (impresion -> PRINT PARENTESIS_IZ expresionNumerica PARENTESIS_DER .)
    END             reduce using rule 24 (impresion -> PRINT PARENTESIS_IZ expresionNumerica PARENTESIS_DER .)


state 98

    (25) impresion -> PRINT PARENTESIS_IZ VARIABLE PARENTESIS_DER .

    $end            reduce using rule 25 (impresion -> PRINT PARENTESIS_IZ VARIABLE PARENTESIS_DER .)
    ELSE            reduce using rule 25 (impresion -> PRINT PARENTESIS_IZ VARIABLE PARENTESIS_DER .)
    ELSEIF          reduce using rule 25 (impresion -> PRINT PARENTESIS_IZ VARIABLE PARENTESIS_DER .)
    END             reduce using rule 25 (impresion -> PRINT PARENTESIS_IZ VARIABLE PARENTESIS_DER .)


state 99

    (29) rangos -> PARENTESIS_IZ soloEnteros TRES_PUNTOS soloEnteros . PARENTESIS_DER

    PARENTESIS_DER  shift and go to state 110


state 100

    (73) elemento_hash -> claveValor COMA claveValor .

    LLAVE_DER       reduce using rule 73 (elemento_hash -> claveValor COMA claveValor .)


state 101

    (70) claveValor -> VARIABLE ASIGNA_HASH valorNumerico .

    COMA            reduce using rule 70 (claveValor -> VARIABLE ASIGNA_HASH valorNumerico .)
    LLAVE_DER       reduce using rule 70 (claveValor -> VARIABLE ASIGNA_HASH valorNumerico .)


state 102

    (71) claveValor -> VARIABLE ASIGNA_HASH CADENA .

    COMA            reduce using rule 71 (claveValor -> VARIABLE ASIGNA_HASH CADENA .)
    LLAVE_DER       reduce using rule 71 (claveValor -> VARIABLE ASIGNA_HASH CADENA .)


state 103

    (57) estructura_if -> IF condicionIf declaracion ELSE . declaracion END
    (61) declaracion -> . operacionAritmetica
    (62) declaracion -> . asignacion
    (63) declaracion -> . impresion
    (64) declaracion -> . impresion_vacia
    (65) declaracion -> . expresiones_booleanas
    (66) declaracion -> . solicitudDatosTeclado
    (67) declaracion -> . hashes
    (68) declaracion -> . estructura_if
    (23) operacionAritmetica -> . expresionNumerica operadores expresionNumerica
    (26) asignacion -> . VARIABLE IGUAL expresionNumerica
    (27) asignacion -> . VARIABLE IGUAL CADENA
    (28) asignacion -> . VARIABLE IGUAL hashes
    (24) impresion -> . PRINT PARENTESIS_IZ expresionNumerica PARENTESIS_DER
    (25) impresion -> . PRINT PARENTESIS_IZ VARIABLE PARENTESIS_DER
    (30) impresion_vacia -> . PRINT PARENTESIS_IZ PARENTESIS_DER
    (31) impresion_vacia -> . PUTS PARENTESIS_IZ PARENTESIS_DER
    (32) impresion_vacia -> . PUTS
    (41) expresiones_booleanas -> . valorNumerico operadoresComparacion valorNumerico
    (42) expresiones_booleanas -> . rangos TRIPLE_IGUAL ENTERO
    (43) expresiones_booleanas -> . VARIABLE operadoresComparacion VARIABLE
    (44) expresiones_booleanas -> . VARIABLE operadoresComparacion valorNumerico
    (45) expresiones_booleanas -> . valorNumerico operadoresComparacion VARIABLE
    (46) solicitudDatosTeclado -> . GETS
    (69) hashes -> . LLAVE_IZ elemento_hash LLAVE_DER
    (57) estructura_if -> . IF condicionIf declaracion ELSE declaracion END
    (58) estructura_if -> . IF condicionIf declaracion estructura_secundaria_if
    (20) expresionNumerica -> . valorNumerico
    (21) expresionNumerica -> . operacionAritmetica
    (22) expresionNumerica -> . PARENTESIS_IZ operacionAritmetica PARENTESIS_DER
    (11) valorNumerico -> . FLOTANTE
    (12) valorNumerico -> . ENTERO
    (29) rangos -> . PARENTESIS_IZ soloEnteros TRES_PUNTOS soloEnteros PARENTESIS_DER

    VARIABLE        shift and go to state 91
    PRINT           shift and go to state 14
    PUTS            shift and go to state 16
    GETS            shift and go to state 20
    LLAVE_IZ        shift and go to state 21
    IF              shift and go to state 22
    PARENTESIS_IZ   shift and go to state 15
    FLOTANTE        shift and go to state 24
    ENTERO          shift and go to state 19

    declaracion                    shift and go to state 111
    operacionAritmetica            shift and go to state 83
    asignacion                     shift and go to state 84
    impresion                      shift and go to state 85
    impresion_vacia                shift and go to state 86
    expresiones_booleanas          shift and go to state 87
    solicitudDatosTeclado          shift and go to state 88
    hashes                         shift and go to state 89
    estructura_if                  shift and go to state 90
    expresionNumerica              shift and go to state 12
    valorNumerico                  shift and go to state 17
    rangos                         shift and go to state 18

state 104

    (58) estructura_if -> IF condicionIf declaracion estructura_secundaria_if .

    $end            reduce using rule 58 (estructura_if -> IF condicionIf declaracion estructura_secundaria_if .)
    ELSE            reduce using rule 58 (estructura_if -> IF condicionIf declaracion estructura_secundaria_if .)
    ELSEIF          reduce using rule 58 (estructura_if -> IF condicionIf declaracion estructura_secundaria_if .)
    END             reduce using rule 58 (estructura_if -> IF condicionIf declaracion estructura_secundaria_if .)


state 105

    (59) estructura_secundaria_if -> ELSEIF . condicionIf declaracion ELSE declaracion END
    (60) estructura_secundaria_if -> ELSEIF . condicionIf declaracion estructura_secundaria_if
    (55) condicionIf -> . expresiones_booleanas
    (56) condicionIf -> . expresiones_booleanas funcionesComparacion expresiones_booleanas
    (41) expresiones_booleanas -> . valorNumerico operadoresComparacion valorNumerico
    (42) expresiones_booleanas -> . rangos TRIPLE_IGUAL ENTERO
    (43) expresiones_booleanas -> . VARIABLE operadoresComparacion VARIABLE
    (44) expresiones_booleanas -> . VARIABLE operadoresComparacion valorNumerico
    (45) expresiones_booleanas -> . valorNumerico operadoresComparacion VARIABLE
    (11) valorNumerico -> . FLOTANTE
    (12) valorNumerico -> . ENTERO
    (29) rangos -> . PARENTESIS_IZ soloEnteros TRES_PUNTOS soloEnteros PARENTESIS_DER

    VARIABLE        shift and go to state 56
    FLOTANTE        shift and go to state 24
    ENTERO          shift and go to state 19
    PARENTESIS_IZ   shift and go to state 57

    condicionIf                    shift and go to state 112
    expresiones_booleanas          shift and go to state 54
    valorNumerico                  shift and go to state 55
    rangos                         shift and go to state 18

state 106

    (56) condicionIf -> expresiones_booleanas funcionesComparacion expresiones_booleanas .

    VARIABLE        reduce using rule 56 (condicionIf -> expresiones_booleanas funcionesComparacion expresiones_booleanas .)
    PRINT           reduce using rule 56 (condicionIf -> expresiones_booleanas funcionesComparacion expresiones_booleanas .)
    PUTS            reduce using rule 56 (condicionIf -> expresiones_booleanas funcionesComparacion expresiones_booleanas .)
    GETS            reduce using rule 56 (condicionIf -> expresiones_booleanas funcionesComparacion expresiones_booleanas .)
    LLAVE_IZ        reduce using rule 56 (condicionIf -> expresiones_booleanas funcionesComparacion expresiones_booleanas .)
    IF              reduce using rule 56 (condicionIf -> expresiones_booleanas funcionesComparacion expresiones_booleanas .)
    PARENTESIS_IZ   reduce using rule 56 (condicionIf -> expresiones_booleanas funcionesComparacion expresiones_booleanas .)
    FLOTANTE        reduce using rule 56 (condicionIf -> expresiones_booleanas funcionesComparacion expresiones_booleanas .)
    ENTERO          reduce using rule 56 (condicionIf -> expresiones_booleanas funcionesComparacion expresiones_booleanas .)


state 107

    (53) argumentos -> VARIABLE .
    (54) argumentos -> VARIABLE . COMA argumentos

    PARENTESIS_DER  reduce using rule 53 (argumentos -> VARIABLE .)
    COMA            shift and go to state 113


state 108

    (47) funciones -> DEF VARIABLE PARENTESIS_IZ PARENTESIS_DER . END

    END             shift and go to state 114


state 109

    (48) funciones -> DEF VARIABLE PARENTESIS_IZ argumentos . PARENTESIS_DER END

    PARENTESIS_DER  shift and go to state 115


state 110

    (29) rangos -> PARENTESIS_IZ soloEnteros TRES_PUNTOS soloEnteros PARENTESIS_DER .

    TRIPLE_IGUAL    reduce using rule 29 (rangos -> PARENTESIS_IZ soloEnteros TRES_PUNTOS soloEnteros PARENTESIS_DER .)


state 111

    (57) estructura_if -> IF condicionIf declaracion ELSE declaracion . END

    END             shift and go to state 116


state 112

    (59) estructura_secundaria_if -> ELSEIF condicionIf . declaracion ELSE declaracion END
    (60) estructura_secundaria_if -> ELSEIF condicionIf . declaracion estructura_secundaria_if
    (61) declaracion -> . operacionAritmetica
    (62) declaracion -> . asignacion
    (63) declaracion -> . impresion
    (64) declaracion -> . impresion_vacia
    (65) declaracion -> . expresiones_booleanas
    (66) declaracion -> . solicitudDatosTeclado
    (67) declaracion -> . hashes
    (68) declaracion -> . estructura_if
    (23) operacionAritmetica -> . expresionNumerica operadores expresionNumerica
    (26) asignacion -> . VARIABLE IGUAL expresionNumerica
    (27) asignacion -> . VARIABLE IGUAL CADENA
    (28) asignacion -> . VARIABLE IGUAL hashes
    (24) impresion -> . PRINT PARENTESIS_IZ expresionNumerica PARENTESIS_DER
    (25) impresion -> . PRINT PARENTESIS_IZ VARIABLE PARENTESIS_DER
    (30) impresion_vacia -> . PRINT PARENTESIS_IZ PARENTESIS_DER
    (31) impresion_vacia -> . PUTS PARENTESIS_IZ PARENTESIS_DER
    (32) impresion_vacia -> . PUTS
    (41) expresiones_booleanas -> . valorNumerico operadoresComparacion valorNumerico
    (42) expresiones_booleanas -> . rangos TRIPLE_IGUAL ENTERO
    (43) expresiones_booleanas -> . VARIABLE operadoresComparacion VARIABLE
    (44) expresiones_booleanas -> . VARIABLE operadoresComparacion valorNumerico
    (45) expresiones_booleanas -> . valorNumerico operadoresComparacion VARIABLE
    (46) solicitudDatosTeclado -> . GETS
    (69) hashes -> . LLAVE_IZ elemento_hash LLAVE_DER
    (57) estructura_if -> . IF condicionIf declaracion ELSE declaracion END
    (58) estructura_if -> . IF condicionIf declaracion estructura_secundaria_if
    (20) expresionNumerica -> . valorNumerico
    (21) expresionNumerica -> . operacionAritmetica
    (22) expresionNumerica -> . PARENTESIS_IZ operacionAritmetica PARENTESIS_DER
    (11) valorNumerico -> . FLOTANTE
    (12) valorNumerico -> . ENTERO
    (29) rangos -> . PARENTESIS_IZ soloEnteros TRES_PUNTOS soloEnteros PARENTESIS_DER

    VARIABLE        shift and go to state 91
    PRINT           shift and go to state 14
    PUTS            shift and go to state 16
    GETS            shift and go to state 20
    LLAVE_IZ        shift and go to state 21
    IF              shift and go to state 22
    PARENTESIS_IZ   shift and go to state 15
    FLOTANTE        shift and go to state 24
    ENTERO          shift and go to state 19

    declaracion                    shift and go to state 117
    operacionAritmetica            shift and go to state 83
    asignacion                     shift and go to state 84
    impresion                      shift and go to state 85
    impresion_vacia                shift and go to state 86
    expresiones_booleanas          shift and go to state 87
    solicitudDatosTeclado          shift and go to state 88
    hashes                         shift and go to state 89
    estructura_if                  shift and go to state 90
    expresionNumerica              shift and go to state 12
    valorNumerico                  shift and go to state 17
    rangos                         shift and go to state 18

state 113

    (54) argumentos -> VARIABLE COMA . argumentos
    (53) argumentos -> . VARIABLE
    (54) argumentos -> . VARIABLE COMA argumentos

    VARIABLE        shift and go to state 107

    argumentos                     shift and go to state 118

state 114

    (47) funciones -> DEF VARIABLE PARENTESIS_IZ PARENTESIS_DER END .

    $end            reduce using rule 47 (funciones -> DEF VARIABLE PARENTESIS_IZ PARENTESIS_DER END .)


state 115

    (48) funciones -> DEF VARIABLE PARENTESIS_IZ argumentos PARENTESIS_DER . END

    END             shift and go to state 119


state 116

    (57) estructura_if -> IF condicionIf declaracion ELSE declaracion END .

    $end            reduce using rule 57 (estructura_if -> IF condicionIf declaracion ELSE declaracion END .)
    ELSE            reduce using rule 57 (estructura_if -> IF condicionIf declaracion ELSE declaracion END .)
    ELSEIF          reduce using rule 57 (estructura_if -> IF condicionIf declaracion ELSE declaracion END .)
    END             reduce using rule 57 (estructura_if -> IF condicionIf declaracion ELSE declaracion END .)


state 117

    (59) estructura_secundaria_if -> ELSEIF condicionIf declaracion . ELSE declaracion END
    (60) estructura_secundaria_if -> ELSEIF condicionIf declaracion . estructura_secundaria_if
    (59) estructura_secundaria_if -> . ELSEIF condicionIf declaracion ELSE declaracion END
    (60) estructura_secundaria_if -> . ELSEIF condicionIf declaracion estructura_secundaria_if

    ELSE            shift and go to state 120
    ELSEIF          shift and go to state 105

    estructura_secundaria_if       shift and go to state 121

state 118

    (54) argumentos -> VARIABLE COMA argumentos .

    PARENTESIS_DER  reduce using rule 54 (argumentos -> VARIABLE COMA argumentos .)


state 119

    (48) funciones -> DEF VARIABLE PARENTESIS_IZ argumentos PARENTESIS_DER END .

    $end            reduce using rule 48 (funciones -> DEF VARIABLE PARENTESIS_IZ argumentos PARENTESIS_DER END .)


state 120

    (59) estructura_secundaria_if -> ELSEIF condicionIf declaracion ELSE . declaracion END
    (61) declaracion -> . operacionAritmetica
    (62) declaracion -> . asignacion
    (63) declaracion -> . impresion
    (64) declaracion -> . impresion_vacia
    (65) declaracion -> . expresiones_booleanas
    (66) declaracion -> . solicitudDatosTeclado
    (67) declaracion -> . hashes
    (68) declaracion -> . estructura_if
    (23) operacionAritmetica -> . expresionNumerica operadores expresionNumerica
    (26) asignacion -> . VARIABLE IGUAL expresionNumerica
    (27) asignacion -> . VARIABLE IGUAL CADENA
    (28) asignacion -> . VARIABLE IGUAL hashes
    (24) impresion -> . PRINT PARENTESIS_IZ expresionNumerica PARENTESIS_DER
    (25) impresion -> . PRINT PARENTESIS_IZ VARIABLE PARENTESIS_DER
    (30) impresion_vacia -> . PRINT PARENTESIS_IZ PARENTESIS_DER
    (31) impresion_vacia -> . PUTS PARENTESIS_IZ PARENTESIS_DER
    (32) impresion_vacia -> . PUTS
    (41) expresiones_booleanas -> . valorNumerico operadoresComparacion valorNumerico
    (42) expresiones_booleanas -> . rangos TRIPLE_IGUAL ENTERO
    (43) expresiones_booleanas -> . VARIABLE operadoresComparacion VARIABLE
    (44) expresiones_booleanas -> . VARIABLE operadoresComparacion valorNumerico
    (45) expresiones_booleanas -> . valorNumerico operadoresComparacion VARIABLE
    (46) solicitudDatosTeclado -> . GETS
    (69) hashes -> . LLAVE_IZ elemento_hash LLAVE_DER
    (57) estructura_if -> . IF condicionIf declaracion ELSE declaracion END
    (58) estructura_if -> . IF condicionIf declaracion estructura_secundaria_if
    (20) expresionNumerica -> . valorNumerico
    (21) expresionNumerica -> . operacionAritmetica
    (22) expresionNumerica -> . PARENTESIS_IZ operacionAritmetica PARENTESIS_DER
    (11) valorNumerico -> . FLOTANTE
    (12) valorNumerico -> . ENTERO
    (29) rangos -> . PARENTESIS_IZ soloEnteros TRES_PUNTOS soloEnteros PARENTESIS_DER

    VARIABLE        shift and go to state 91
    PRINT           shift and go to state 14
    PUTS            shift and go to state 16
    GETS            shift and go to state 20
    LLAVE_IZ        shift and go to state 21
    IF              shift and go to state 22
    PARENTESIS_IZ   shift and go to state 15
    FLOTANTE        shift and go to state 24
    ENTERO          shift and go to state 19

    declaracion                    shift and go to state 122
    operacionAritmetica            shift and go to state 83
    asignacion                     shift and go to state 84
    impresion                      shift and go to state 85
    impresion_vacia                shift and go to state 86
    expresiones_booleanas          shift and go to state 87
    solicitudDatosTeclado          shift and go to state 88
    hashes                         shift and go to state 89
    estructura_if                  shift and go to state 90
    expresionNumerica              shift and go to state 12
    valorNumerico                  shift and go to state 17
    rangos                         shift and go to state 18

state 121

    (60) estructura_secundaria_if -> ELSEIF condicionIf declaracion estructura_secundaria_if .

    $end            reduce using rule 60 (estructura_secundaria_if -> ELSEIF condicionIf declaracion estructura_secundaria_if .)
    ELSE            reduce using rule 60 (estructura_secundaria_if -> ELSEIF condicionIf declaracion estructura_secundaria_if .)
    ELSEIF          reduce using rule 60 (estructura_secundaria_if -> ELSEIF condicionIf declaracion estructura_secundaria_if .)
    END             reduce using rule 60 (estructura_secundaria_if -> ELSEIF condicionIf declaracion estructura_secundaria_if .)


state 122

    (59) estructura_secundaria_if -> ELSEIF condicionIf declaracion ELSE declaracion . END

    END             shift and go to state 123


state 123

    (59) estructura_secundaria_if -> ELSEIF condicionIf declaracion ELSE declaracion END .

    $end            reduce using rule 59 (estructura_secundaria_if -> ELSEIF condicionIf declaracion ELSE declaracion END .)
    ELSE            reduce using rule 59 (estructura_secundaria_if -> ELSEIF condicionIf declaracion ELSE declaracion END .)
    ELSEIF          reduce using rule 59 (estructura_secundaria_if -> ELSEIF condicionIf declaracion ELSE declaracion END .)
    END             reduce using rule 59 (estructura_secundaria_if -> ELSEIF condicionIf declaracion ELSE declaracion END .)

WARNING: 
WARNING: Conflicts:
WARNING: 
WARNING: shift/reduce conflict for MAS in state 59 resolved as shift
WARNING: shift/reduce conflict for MENOS in state 59 resolved as shift
WARNING: shift/reduce conflict for DIVISION in state 59 resolved as shift
WARNING: shift/reduce conflict for MULTIPLICACION in state 59 resolved as shift
WARNING: shift/reduce conflict for EXPONENCIACION in state 59 resolved as shift
WARNING: shift/reduce conflict for MODULO in state 59 resolved as shift
